2022-10-09 10:30:34,072  INFO [main] SauceDemo2:42 - broser is open
2022-10-09 10:30:34,214  INFO [main] SauceDemo2:45 - maximize the window
2022-10-09 10:30:34,616  INFO [main] SauceDemo2:48 - open the url
2022-10-09 10:30:34,679  INFO [main] SauceDemo2:53 - username is entered
2022-10-09 10:30:34,960  INFO [main] SauceDemo2:55 - password is entered
2022-10-09 10:30:35,159  INFO [main] SauceDemo2:58 - click on login button
2022-10-09 10:30:37,947  INFO [main] SauceDemo2:42 - broser is open
2022-10-09 10:30:38,077  INFO [main] SauceDemo2:45 - maximize the window
2022-10-09 10:30:38,452  INFO [main] SauceDemo2:48 - open the url
2022-10-09 10:30:38,455  INFO [main] SauceDemo2:53 - username is entered
2022-10-09 10:30:38,671  INFO [main] SauceDemo2:55 - password is entered
2022-10-09 10:30:38,825  INFO [main] SauceDemo2:58 - click on login button
2022-10-09 10:30:41,081  INFO [main] SauceDemo2:42 - broser is open
2022-10-09 10:30:41,224  INFO [main] SauceDemo2:45 - maximize the window
2022-10-09 10:30:41,621  INFO [main] SauceDemo2:48 - open the url
2022-10-09 10:30:41,622  INFO [main] SauceDemo2:53 - username is entered
2022-10-09 10:30:41,836  INFO [main] SauceDemo2:55 - password is entered
2022-10-09 10:30:42,006  INFO [main] SauceDemo2:58 - click on login button
2022-10-09 10:30:44,209  INFO [main] SauceDemo2:42 - broser is open
2022-10-09 10:30:44,349  INFO [main] SauceDemo2:45 - maximize the window
2022-10-09 10:30:44,795  INFO [main] SauceDemo2:48 - open the url
2022-10-09 10:30:44,796  INFO [main] SauceDemo2:53 - username is entered
2022-10-09 10:30:44,982  INFO [main] SauceDemo2:55 - password is entered
2022-10-09 10:30:45,140  INFO [main] SauceDemo2:58 - click on login button
2022-10-09 10:30:47,587  INFO [main] SauceDemo2:42 - broser is open
2022-10-09 10:30:47,752  INFO [main] SauceDemo2:45 - maximize the window
2022-10-09 10:30:48,136  INFO [main] SauceDemo2:48 - open the url
2022-10-09 10:30:48,137  INFO [main] SauceDemo2:53 - username is entered
2022-10-09 10:30:48,349  INFO [main] SauceDemo2:55 - password is entered
2022-10-09 10:30:48,495  INFO [main] SauceDemo2:58 - click on login button
2022-10-09 10:30:50,835  INFO [main] SauceDemo2:42 - broser is open
2022-10-09 10:30:50,963  INFO [main] SauceDemo2:45 - maximize the window
2022-10-09 10:30:51,347  INFO [main] SauceDemo2:48 - open the url
2022-10-09 10:30:51,348  INFO [main] SauceDemo2:53 - username is entered
2022-10-09 10:30:51,517  INFO [main] SauceDemo2:55 - password is entered
2022-10-09 10:30:51,678  INFO [main] SauceDemo2:58 - click on login button
2022-10-09 23:03:30,824  INFO [main] SauceDemo2:42 - broser is open
2022-10-09 23:03:31,449  INFO [main] SauceDemo2:45 - maximize the window
2022-10-09 23:03:32,024  INFO [main] SauceDemo2:42 - broser is open
2022-10-09 23:03:32,414  INFO [main] SauceDemo2:45 - maximize the window
2022-10-09 23:03:32,652  INFO [main] SauceDemo2:48 - open the url
2022-10-09 23:03:32,702  INFO [main] SauceDemo2:53 - username is entered
2022-10-09 23:03:33,229  INFO [main] SauceDemo2:48 - open the url
2022-10-09 23:03:33,292  INFO [main] SauceDemo2:53 - username is entered
2022-10-09 23:03:33,829  INFO [main] SauceDemo2:55 - password is entered
2022-10-09 23:03:33,873  INFO [main] SauceDemo2:55 - password is entered
2022-10-09 23:03:34,079  INFO [main] SauceDemo2:58 - click on login button
2022-10-09 23:03:34,284  INFO [main] SauceDemo2:58 - click on login button
2022-10-09 23:03:38,046  INFO [main] SauceDemo2:42 - broser is open
2022-10-09 23:03:38,642  INFO [main] SauceDemo2:42 - broser is open
2022-10-09 23:03:38,759  INFO [main] SauceDemo2:45 - maximize the window
2022-10-09 23:03:39,117  INFO [main] SauceDemo2:45 - maximize the window
2022-10-09 23:03:39,453  INFO [main] SauceDemo2:48 - open the url
2022-10-09 23:03:39,454  INFO [main] SauceDemo2:53 - username is entered
2022-10-09 23:03:39,985  INFO [main] SauceDemo2:48 - open the url
2022-10-09 23:03:39,986  INFO [main] SauceDemo2:53 - username is entered
2022-10-09 23:03:40,072  INFO [main] SauceDemo2:55 - password is entered
2022-10-09 23:03:40,352  INFO [main] SauceDemo2:58 - click on login button
2022-10-09 23:03:40,500  INFO [main] SauceDemo2:55 - password is entered
2022-10-09 23:03:40,909  INFO [main] SauceDemo2:58 - click on login button
2022-10-09 23:03:45,902  INFO [main] SauceDemo2:42 - broser is open
2022-10-09 23:03:46,275  INFO [main] SauceDemo2:42 - broser is open
2022-10-09 23:03:46,294  INFO [main] SauceDemo2:45 - maximize the window
2022-10-09 23:03:46,688  INFO [main] SauceDemo2:45 - maximize the window
2022-10-09 23:03:46,985  INFO [main] SauceDemo2:48 - open the url
2022-10-09 23:03:46,986  INFO [main] SauceDemo2:53 - username is entered
2022-10-09 23:03:47,274  INFO [main] SauceDemo2:55 - password is entered
2022-10-09 23:03:47,409  INFO [main] SauceDemo2:48 - open the url
2022-10-09 23:03:47,411  INFO [main] SauceDemo2:53 - username is entered
2022-10-09 23:03:47,525  INFO [main] SauceDemo2:58 - click on login button
2022-10-09 23:03:47,872  INFO [main] SauceDemo2:55 - password is entered
2022-10-09 23:03:48,372  INFO [main] SauceDemo2:58 - click on login button
2022-10-09 23:03:51,301  INFO [main] SauceDemo2:42 - broser is open
2022-10-09 23:03:51,577  INFO [main] SauceDemo2:45 - maximize the window
2022-10-09 23:03:52,302  INFO [main] SauceDemo2:42 - broser is open
2022-10-09 23:03:52,525  INFO [main] SauceDemo2:45 - maximize the window
2022-10-09 23:03:52,803  INFO [main] SauceDemo2:48 - open the url
2022-10-09 23:03:52,804  INFO [main] SauceDemo2:53 - username is entered
2022-10-09 23:03:53,267  INFO [main] SauceDemo2:55 - password is entered
2022-10-09 23:03:53,374  INFO [main] SauceDemo2:48 - open the url
2022-10-09 23:03:53,375  INFO [main] SauceDemo2:53 - username is entered
2022-10-09 23:03:53,449  INFO [main] SauceDemo2:58 - click on login button
2022-10-09 23:03:53,615  INFO [main] SauceDemo2:55 - password is entered
2022-10-09 23:03:53,848  INFO [main] SauceDemo2:58 - click on login button
2022-10-09 23:03:55,304  INFO [main] SauceDemo2:29 - click on addtocart
2022-10-09 23:03:55,483  INFO [main] SauceDemo2:31 - product is proceed to checkout
2022-10-09 23:03:55,497  INFO [main] SauceDemo2:29 - click on addtocart
2022-10-09 23:03:55,666  INFO [main] SauceDemo2:31 - product is proceed to checkout
2022-10-09 23:03:58,120  INFO [main] SauceDemo2:42 - broser is open
2022-10-09 23:03:58,669  INFO [main] SauceDemo2:45 - maximize the window
2022-10-09 23:03:59,028  INFO [main] SauceDemo2:42 - broser is open
2022-10-09 23:03:59,401  INFO [main] SauceDemo2:45 - maximize the window
2022-10-09 23:04:00,217  INFO [main] SauceDemo2:48 - open the url
2022-10-09 23:04:00,217  INFO [main] SauceDemo2:53 - username is entered
2022-10-09 23:04:00,369  INFO [main] SauceDemo2:48 - open the url
2022-10-09 23:04:00,370  INFO [main] SauceDemo2:53 - username is entered
2022-10-09 23:04:00,995  INFO [main] SauceDemo2:55 - password is entered
2022-10-09 23:04:01,251  INFO [main] SauceDemo2:55 - password is entered
2022-10-09 23:04:01,615  INFO [main] SauceDemo2:58 - click on login button
2022-10-09 23:04:01,969  INFO [main] SauceDemo2:58 - click on login button
2022-10-09 23:04:06,434  INFO [main] SauceDemo2:42 - broser is open
2022-10-09 23:04:06,792  INFO [main] SauceDemo2:45 - maximize the window
2022-10-09 23:04:07,469  INFO [main] SauceDemo2:42 - broser is open
2022-10-09 23:04:07,713  INFO [main] SauceDemo2:45 - maximize the window
2022-10-09 23:04:08,237  INFO [main] SauceDemo2:48 - open the url
2022-10-09 23:04:08,238  INFO [main] SauceDemo2:53 - username is entered
2022-10-09 23:04:08,370  INFO [main] SauceDemo2:48 - open the url
2022-10-09 23:04:08,371  INFO [main] SauceDemo2:53 - username is entered
2022-10-09 23:04:08,730  INFO [main] SauceDemo2:55 - password is entered
2022-10-09 23:04:08,781  INFO [main] SauceDemo2:55 - password is entered
2022-10-09 23:04:08,975  INFO [main] SauceDemo2:58 - click on login button
2022-10-09 23:04:09,147  INFO [main] SauceDemo2:58 - click on login button
2022-10-09 23:04:10,381  INFO [main] SauceDemo2:24 - apply validation
2022-10-09 23:04:10,476  INFO [main] SauceDemo2:24 - apply validation
